2025-02-17 11:52:05 +0000  Initial pipeline context: <IDEDistributionProcessingPipelineContext: 0x11a105ce0; archive(resolved)="<IDEArchive: 0x60000b74aca0>", distributionTask(resolved)="2", distributionDestination(resolved)="1", distributionMethod(resolved)="<IDEDistributionMethodDevelopmentSigned: 0x600005c91080>", team(resolved)="<IDEProvisioningDisambiguatableBasicTeam: 0x600000778600; teamID='5U49ST9XZH', teamName='MUYEONG YUN', teamType='Individual', username='ymyeong0504@gmail.com', isFreeProvisioningTeam='0'>">
	Chain (16, self inclusive):
	<IDEDistributionProcessingPipelineContext: 0x11a105ce0; archive = "<IDEArchive: 0x60000b74aca0>", distributionMethod="<IDEDistributionMethodDevelopmentSigned: 0x600005c91080>", team="<IDEProvisioningDisambiguatableBasicTeam: 0x600000778600; teamID='5U49ST9XZH', teamName='MUYEONG YUN', teamType='Individual', username='ymyeong0504@gmail.com', isFreeProvisioningTeam='0'>">
	<IDEDistributionProcessingPipelineContext: 0x11a105a50; archive = "<IDEArchive: 0x60000b74aca0>", distributionMethod="<IDEDistributionMethodDevelopmentSigned: 0x600005c91080>", team="<IDEProvisioningDisambiguatableBasicTeam: 0x600000778600; teamID='5U49ST9XZH', teamName='MUYEONG YUN', teamType='Individual', username='ymyeong0504@gmail.com', isFreeProvisioningTeam='0'>">
	<IDEDistributionContext: 0x10a46f910; archive = "<IDEArchive: 0x60000b74aca0>", distributionMethod="<IDEDistributionMethodDevelopmentSigned: 0x600005c91080>", team="<IDEProvisioningDisambiguatableBasicTeam: 0x600000778600; teamID='5U49ST9XZH', teamName='MUYEONG YUN', teamType='Individual', username='ymyeong0504@gmail.com', isFreeProvisioningTeam='0'>">
	<IDEDistributionContext: 0x3487eb750; archive = "<IDEArchive: 0x60000b74aca0>", distributionMethod="<IDEDistributionMethodDevelopmentSigned: 0x600005c91080>", team="<IDEProvisioningDisambiguatableBasicTeam: 0x600000778600; teamID='5U49ST9XZH', teamName='MUYEONG YUN', teamType='Individual', username='ymyeong0504@gmail.com', isFreeProvisioningTeam='0'>">
	<IDEDistributionContext: 0x34a4b5190; archive = "<IDEArchive: 0x60000b74aca0>", distributionMethod="<IDEDistributionMethodDevelopmentSigned: 0x600005c91080>", team="<IDEProvisioningDisambiguatableBasicTeam: 0x600000778600; teamID='5U49ST9XZH', teamName='MUYEONG YUN', teamType='Individual', username='ymyeong0504@gmail.com', isFreeProvisioningTeam='0'>">
	<IDEDistributionContext: 0x348759260; archive = "<IDEArchive: 0x60000b74aca0>", distributionMethod="<IDEDistributionMethodDevelopmentSigned: 0x600005c91080>", team="<IDEProvisioningDisambiguatableBasicTeam: 0x600000778600; teamID='5U49ST9XZH', teamName='MUYEONG YUN', teamType='Individual', username='ymyeong0504@gmail.com', isFreeProvisioningTeam='0'>">
	<IDEDistributionContext: 0x1310a83a0; archive = "<IDEArchive: 0x60000b74aca0>", distributionMethod="<IDEDistributionMethodDevelopmentSigned: 0x600005c91080>", team="<IDEProvisioningDisambiguatableBasicTeam: 0x600000778600; teamID='5U49ST9XZH', teamName='MUYEONG YUN', teamType='Individual', username='ymyeong0504@gmail.com', isFreeProvisioningTeam='0'>">
	<IDEDistributionContext: 0x1310d1270; archive = "<IDEArchive: 0x60000b74aca0>", distributionMethod="<IDEDistributionMethodDevelopmentSigned: 0x600005c91080>", team="<IDEProvisioningDisambiguatableBasicTeam: 0x600000778600; teamID='5U49ST9XZH', teamName='MUYEONG YUN', teamType='Individual', username='ymyeong0504@gmail.com', isFreeProvisioningTeam='0'>">
	<IDEDistributionContext: 0x328f5d9b0; archive = "<IDEArchive: 0x60000b74aca0>", distributionMethod="<IDEDistributionMethodDevelopmentSigned: 0x600005c91080>", team="<IDEProvisioningDisambiguatableBasicTeam: 0x600000778600; teamID='5U49ST9XZH', teamName='MUYEONG YUN', teamType='Individual', username='ymyeong0504@gmail.com', isFreeProvisioningTeam='0'>">
	<IDEDistributionContext: 0x124ce7210; archive = "<IDEArchive: 0x60000b74aca0>", distributionMethod="<IDEDistributionMethodDevelopmentSigned: 0x600005c91080>", team="(null)">
	<IDEDistributionContext: 0x3496defb0; archive = "<IDEArchive: 0x60000b74aca0>", distributionMethod="<IDEDistributionMethodDevelopmentSigned: 0x600005c91080>", team="(null)">
	<IDEDistributionContext: 0x345727c40; archive = "<IDEArchive: 0x60000b74aca0>", distributionMethod="<IDEDistributionMethodDevelopmentSigned: 0x600005c91080>", team="(null)">
	<IDEDistributionContext: 0x34574c430; archive = "<IDEArchive: 0x60000b74aca0>", distributionMethod="<IDEDistributionMethodDevelopmentSigned: 0x600005c91080>", team="(null)">
	<IDEDistributionContext: 0x130714640; archive = "<IDEArchive: 0x60000b74aca0>", distributionMethod="(null)", team="(null)">
	<IDEDistributionContext: 0x328f71000; archive = "<IDEArchive: 0x60000b74aca0>", distributionMethod="(null)", team="(null)">
	<IDEDistributionContext: 0x1306097b0; archive = "<IDEArchive: 0x60000b74aca0>", distributionMethod="(null)", team="(null)">
</IDEDistributionProcessingPipelineContext: 0x11a105ce0>
2025-02-17 11:52:05 +0000  Processing step: IDEDistributionCreateDestRootStep
2025-02-17 11:52:05 +0000  Processing step: IDEDistributionCopyItemStep
2025-02-17 11:52:05 +0000  Running /usr/bin/ditto '-V' '/Users/ymy/Library/Developer/Xcode/Archives/2025-02-17/Chrono 2-17-25, 20.51.xcarchive/Products/Applications/Life Taker.app' '/var/folders/ty/mb8h93wn20v29nrfqymjgf580000gn/T/XcodeDistPipeline.~~~ilrSXb/Root/Payload/Life Taker.app'
2025-02-17 11:52:05 +0000  >>> Copying /Users/ymy/Library/Developer/Xcode/Archives/2025-02-17/Chrono 2-17-25, 20.51.xcarchive/Products/Applications/Life Taker.app 
2025-02-17 11:52:05 +0000  copying file ./_CodeSignature/CodeResources ... 
2025-02-17 11:52:05 +0000  2775 bytes for ./_CodeSignature/CodeResources
2025-02-17 11:52:05 +0000  copying file ./AppIcon60x60@2x.png ... 
2025-02-17 11:52:05 +0000  4510 bytes for ./AppIcon60x60@2x.png
2025-02-17 11:52:05 +0000  copying file ./Assets.car ... 
2025-02-17 11:52:05 +0000  46543 bytes for ./Assets.car
2025-02-17 11:52:05 +0000  copying file ./AppIcon76x76@2x~ipad.png ... 
2025-02-17 11:52:05 +0000  5477 bytes for ./AppIcon76x76@2x~ipad.png
2025-02-17 11:52:05 +0000  copying file ./embedded.mobileprovision ... 
2025-02-17 11:52:05 +0000  13138 bytes for ./embedded.mobileprovision
2025-02-17 11:52:05 +0000  copying file ./Info.plist ... 
2025-02-17 11:52:05 +0000  1844 bytes for ./Info.plist
2025-02-17 11:52:05 +0000  copying file ./PkgInfo ... 
2025-02-17 11:52:05 +0000  8 bytes for ./PkgInfo
2025-02-17 11:52:05 +0000  copying file ./Life Taker ... 
2025-02-17 11:52:05 +0000  371328 bytes for ./Life Taker
2025-02-17 11:52:05 +0000  /usr/bin/ditto exited with 0
2025-02-17 11:52:05 +0000  Processing step: IDEDistributionEmbedProfileStep
2025-02-17 11:52:05 +0000  Processing step: IDEDistributionInfoPlistStep
2025-02-17 11:52:05 +0000  Skipping step: IDEDistributionInfoPlistStep because it said so
2025-02-17 11:52:05 +0000  Processing step: IDEDistributionAppThinningPlistStep
2025-02-17 11:52:05 +0000  Skipping step: IDEDistributionAppThinningPlistStep because it said so
2025-02-17 11:52:05 +0000  Processing step: IDEDistributionSymbolsStep
2025-02-17 11:52:05 +0000  Skipping step: IDEDistributionSymbolsStep because it said so
2025-02-17 11:52:05 +0000  Processing step: IDEDistributionAppThinningStep
2025-02-17 11:52:05 +0000  Skipping step: IDEDistributionAppThinningStep because it said so
2025-02-17 11:52:05 +0000  Processing step: IDEDistributionArchThinningStep
2025-02-17 11:52:05 +0000  Item /Users/ymy/Library/Developer/Xcode/Archives/2025-02-17/Chrono 2-17-25, 20.51.xcarchive/Products/Applications/Life Taker.app doesn't have the entitlement com.apple.developer.web-browser-engine.host enabled, returning ["arm64e"]
2025-02-17 11:52:05 +0000  Archs to thin for item /Users/ymy/Library/Developer/Xcode/Archives/2025-02-17/Chrono 2-17-25, 20.51.xcarchive/Products/Applications/Life Taker.app are ["arm64e"]
2025-02-17 11:52:05 +0000  Running /Applications/Xcode.app/Contents/Developer/Toolchains/XcodeDefault.xctoolchain/usr/bin/lipo '/var/folders/ty/mb8h93wn20v29nrfqymjgf580000gn/T/XcodeDistPipeline.~~~ilrSXb/Root/Payload/Life Taker.app/Life Taker' '-verify_arch' 'arm64e'
2025-02-17 11:52:05 +0000  /Applications/Xcode.app/Contents/Developer/Toolchains/XcodeDefault.xctoolchain/usr/bin/lipo exited with 1
2025-02-17 11:52:05 +0000  Skipping architecture thinning for item "Life Taker" because arch "arm64e" wasn't found
2025-02-17 11:52:05 +0000  Processing step: IDEDistributionODRStep
2025-02-17 11:52:05 +0000  Processing step: IDEDistributionStripXattrsStep
2025-02-17 11:52:05 +0000  Skipping stripping extended attributes because the codesign step will strip them.
2025-02-17 11:52:05 +0000  Processing step: IDEDistributionCodesignStep
2025-02-17 11:52:05 +0000  Entitlements for <IDEDistributionItem: 0x600013ac4ea0; bundleID='com.lifetaker.ymy.moonglab', path='<DVTFilePath:0x60000b7497a0:'/Users/ymy/Library/Developer/Xcode/Archives/2025-02-17/Chrono 2-17-25, 20.51.xcarchive/Products/Applications/Life Taker.app'>', codeSigningInfo='<_DVTCodeSigningInformation_Path: 0x60000ff24be0; isSigned='1', isAdHocSigned='0', signingCertificate='<DVTSigningCertificate: 0x600006b8a280; name='Apple Development: MUYEONG YUN (GRWGSK8RDF)', hash='B034758B177C621FAA188B209D026FE3FB69CCEE', serialNumber='4321200E73F4F652E291C43D5EEFDFE6', certificateKinds='(
    "1.2.840.113635.100.6.1.12",
    "1.2.840.113635.100.6.1.2"
), issueDate='2025-01-16 11:36:08 +0000''>', entitlements='{
    "application-identifier" = "5U49ST9XZH.com.lifetaker.ymy.moonglab";
    "com.apple.developer.healthkit" = 1;
    "com.apple.developer.healthkit.access" =     (
        "health-records"
    );
    "com.apple.developer.team-identifier" = 5U49ST9XZH;
    "com.apple.security.application-groups" =     (
        "group.com.lifetaker.ymy.moonglab"
    );
    "get-task-allow" = 1;
}', teamID='5U49ST9XZH', identifier='com.lifetaker.ymy.moonglab', executablePath='<DVTFilePath:0x60000b56cd90:'/Users/ymy/Library/Developer/Xcode/Archives/2025-02-17/Chrono 2-17-25, 20.51.xcarchive/Products/Applications/Life Taker.app/Life Taker'>', hardenedRuntime='0'>'>: {
    "application-identifier" = "5U49ST9XZH.com.lifetaker.ymy.moonglab";
    "com.apple.developer.healthkit" = 1;
    "com.apple.developer.healthkit.access" =     (
        "health-records"
    );
    "com.apple.developer.team-identifier" = 5U49ST9XZH;
    "com.apple.security.application-groups" =     (
        "group.com.lifetaker.ymy.moonglab"
    );
    "get-task-allow" = 1;
}
2025-02-17 11:52:05 +0000  Associated App Clip Identifiers Filter: Skipping because "com.apple.developer.associated-appclip-app-identifiers" is not present
2025-02-17 11:52:05 +0000  Entitlements for <IDEDistributionItem: 0x600013ac4ea0; bundleID='com.lifetaker.ymy.moonglab', path='<DVTFilePath:0x60000b7497a0:'/Users/ymy/Library/Developer/Xcode/Archives/2025-02-17/Chrono 2-17-25, 20.51.xcarchive/Products/Applications/Life Taker.app'>', codeSigningInfo='<_DVTCodeSigningInformation_Path: 0x60000ff24be0; isSigned='1', isAdHocSigned='0', signingCertificate='<DVTSigningCertificate: 0x600002b10240; name='Apple Development: MUYEONG YUN (GRWGSK8RDF)', hash='B034758B177C621FAA188B209D026FE3FB69CCEE', serialNumber='4321200E73F4F652E291C43D5EEFDFE6', certificateKinds='(
    "1.2.840.113635.100.6.1.12",
    "1.2.840.113635.100.6.1.2"
), issueDate='2025-01-16 11:36:08 +0000''>', entitlements='{
    "application-identifier" = "5U49ST9XZH.com.lifetaker.ymy.moonglab";
    "com.apple.developer.healthkit" = 1;
    "com.apple.developer.healthkit.access" =     (
        "health-records"
    );
    "com.apple.developer.team-identifier" = 5U49ST9XZH;
    "com.apple.security.application-groups" =     (
        "group.com.lifetaker.ymy.moonglab"
    );
    "get-task-allow" = 1;
}', teamID='5U49ST9XZH', identifier='com.lifetaker.ymy.moonglab', executablePath='<DVTFilePath:0x60000b56cd90:'/Users/ymy/Library/Developer/Xcode/Archives/2025-02-17/Chrono 2-17-25, 20.51.xcarchive/Products/Applications/Life Taker.app/Life Taker'>', hardenedRuntime='0'>'> are: {
    "application-identifier" = "5U49ST9XZH.com.lifetaker.ymy.moonglab";
    "com.apple.developer.healthkit" = 1;
    "com.apple.developer.healthkit.access" =     (
        "health-records"
    );
    "com.apple.developer.team-identifier" = 5U49ST9XZH;
    "com.apple.security.application-groups" =     (
        "group.com.lifetaker.ymy.moonglab"
    );
    "get-task-allow" = 1;
}
2025-02-17 11:52:05 +0000  Writing entitlements for <IDEDistributionItem: 0x600013ac4ea0; bundleID='com.lifetaker.ymy.moonglab', path='<DVTFilePath:0x60000b7497a0:'/Users/ymy/Library/Developer/Xcode/Archives/2025-02-17/Chrono 2-17-25, 20.51.xcarchive/Products/Applications/Life Taker.app'>', codeSigningInfo='<_DVTCodeSigningInformation_Path: 0x60000ff24be0; isSigned='1', isAdHocSigned='0', signingCertificate='<DVTSigningCertificate: 0x600006bc6640; name='Apple Development: MUYEONG YUN (GRWGSK8RDF)', hash='B034758B177C621FAA188B209D026FE3FB69CCEE', serialNumber='4321200E73F4F652E291C43D5EEFDFE6', certificateKinds='(
    "1.2.840.113635.100.6.1.12",
    "1.2.840.113635.100.6.1.2"
), issueDate='2025-01-16 11:36:08 +0000''>', entitlements='{
    "application-identifier" = "5U49ST9XZH.com.lifetaker.ymy.moonglab";
    "com.apple.developer.healthkit" = 1;
    "com.apple.developer.healthkit.access" =     (
        "health-records"
    );
    "com.apple.developer.team-identifier" = 5U49ST9XZH;
    "com.apple.security.application-groups" =     (
        "group.com.lifetaker.ymy.moonglab"
    );
    "get-task-allow" = 1;
}', teamID='5U49ST9XZH', identifier='com.lifetaker.ymy.moonglab', executablePath='<DVTFilePath:0x60000b56cd90:'/Users/ymy/Library/Developer/Xcode/Archives/2025-02-17/Chrono 2-17-25, 20.51.xcarchive/Products/Applications/Life Taker.app/Life Taker'>', hardenedRuntime='0'>'> to: /var/folders/ty/mb8h93wn20v29nrfqymjgf580000gn/T/XcodeDistPipeline.~~~ilrSXb/entitlements~~~ymBiQi
2025-02-17 11:52:05 +0000  invoking codesign: <NSConcreteTask: 0x60000f9c8ff0; launchPath='/usr/bin/codesign', arguments='(
    "-f",
    "-s",
    B034758B177C621FAA188B209D026FE3FB69CCEE,
    "--entitlements",
    "/var/folders/ty/mb8h93wn20v29nrfqymjgf580000gn/T/XcodeDistPipeline.~~~ilrSXb/entitlements~~~ymBiQi",
    "--preserve-metadata=identifier,flags,runtime",
    "--generate-entitlement-der",
    "--strip-disallowed-xattrs",
    "-vvv",
    "/var/folders/ty/mb8h93wn20v29nrfqymjgf580000gn/T/XcodeDistPipeline.~~~ilrSXb/Root/Payload/Life Taker.app"
)'>
2025-02-17 11:52:05 +0000  codesign output: /var/folders/ty/mb8h93wn20v29nrfqymjgf580000gn/T/XcodeDistPipeline.~~~ilrSXb/Root/Payload/Life Taker.app: replacing existing signature
/var/folders/ty/mb8h93wn20v29nrfqymjgf580000gn/T/XcodeDistPipeline.~~~ilrSXb/Root/Payload/Life Taker.app: signed app bundle with Mach-O thin (arm64) [com.lifetaker.ymy.moonglab]
2025-02-17 11:52:05 +0000  Processing step: IDEDistributionZipODRItemStep
2025-02-17 11:52:05 +0000  Skipping step: IDEDistributionZipODRItemStep because it said so
2025-02-17 11:52:05 +0000  Processing step: IDEDistributionCreateIPAStep
2025-02-17 11:52:05 +0000  Running /usr/bin/ditto '-V' '-c' '-k' '--norsrc' '/var/folders/ty/mb8h93wn20v29nrfqymjgf580000gn/T/XcodeDistPipeline.~~~ilrSXb/Root' '/var/folders/ty/mb8h93wn20v29nrfqymjgf580000gn/T/XcodeDistPipeline.~~~ilrSXb/Packages/Life Taker.ipa'
2025-02-17 11:52:05 +0000  >>> Copying /var/folders/ty/mb8h93wn20v29nrfqymjgf580000gn/T/XcodeDistPipeline.~~~ilrSXb/Root 
2025-02-17 11:52:05 +0000  copying file ./Payload/Life Taker.app/_CodeSignature/CodeResources ... 
2025-02-17 11:52:05 +0000  2775 bytes for ./Payload/Life Taker.app/_CodeSignature/CodeResources
2025-02-17 11:52:05 +0000  copying file ./Payload/Life Taker.app/AppIcon60x60@2x.png ... 
2025-02-17 11:52:05 +0000  4510 bytes for ./Payload/Life Taker.app/AppIcon60x60@2x.png
2025-02-17 11:52:05 +0000  copying file ./Payload/Life Taker.app/Assets.car ... 
2025-02-17 11:52:05 +0000  46543 bytes for ./Payload/Life Taker.app/Assets.car
2025-02-17 11:52:05 +0000  copying file ./Payload/Life Taker.app/AppIcon76x76@2x~ipad.png ... 
2025-02-17 11:52:05 +0000  5477 bytes for ./Payload/Life Taker.app/AppIcon76x76@2x~ipad.png
2025-02-17 11:52:05 +0000  copying file ./Payload/Life Taker.app/embedded.mobileprovision ... 
2025-02-17 11:52:05 +0000  13138 bytes for ./Payload/Life Taker.app/embedded.mobileprovision
2025-02-17 11:52:05 +0000  copying file ./Payload/Life Taker.app/Info.plist ... 
2025-02-17 11:52:05 +0000  1844 bytes for ./Payload/Life Taker.app/Info.plist
2025-02-17 11:52:05 +0000  copying file ./Payload/Life Taker.app/PkgInfo ... 
2025-02-17 11:52:05 +0000  8 bytes for ./Payload/Life Taker.app/PkgInfo
2025-02-17 11:52:05 +0000  copying file ./Payload/Life Taker.app/Life Taker ... 
2025-02-17 11:52:05 +0000  371328 bytes for ./Payload/Life Taker.app/Life Taker
2025-02-17 11:52:05 +0000  /usr/bin/ditto exited with 0
2025-02-17 11:52:05 +0000  Processing step: IDEDistributionAppStoreInformationStep
2025-02-17 11:52:05 +0000  Skipping step: IDEDistributionAppStoreInformationStep because it said so
2025-02-17 11:52:05 +0000  Processing step: IDEDistributionGenerateProcessedDistributionItems
2025-02-17 11:52:05 +0000  IDEDistributionItem init <DVTFilePath:0x60000f5c0f50:'/var/folders/ty/mb8h93wn20v29nrfqymjgf580000gn/T/XcodeDistPipeline.~~~ilrSXb/Root/Payload/Life Taker.app'>
2025-02-17 11:52:05 +0000  Processing step: IDEDistributionCreateManifestStep
